<testsuites id="" name="" tests="14" failures="2" skipped="0" errors="0" time="10.209224">
<testsuite name="example.spec.ts" timestamp="2025-07-23T08:01:23.052Z" hostname="chromium" tests="2" failures="0" skipped="0" time="1.704" errors="0">
<testcase name="Family Task Manager › should load the application" classname="example.spec.ts" time="0.845">
</testcase>
<testcase name="Family Task Manager › should have responsive design" classname="example.spec.ts" time="0.859">
</testcase>
</testsuite>
<testsuite name="example.spec.ts" timestamp="2025-07-23T08:01:23.052Z" hostname="firefox" tests="2" failures="0" skipped="0" time="3.167" errors="0">
<testcase name="Family Task Manager › should load the application" classname="example.spec.ts" time="1.438">
</testcase>
<testcase name="Family Task Manager › should have responsive design" classname="example.spec.ts" time="1.729">
</testcase>
</testsuite>
<testsuite name="example.spec.ts" timestamp="2025-07-23T08:01:23.052Z" hostname="webkit" tests="2" failures="0" skipped="0" time="2.983" errors="0">
<testcase name="Family Task Manager › should load the application" classname="example.spec.ts" time="1.588">
</testcase>
<testcase name="Family Task Manager › should have responsive design" classname="example.spec.ts" time="1.395">
</testcase>
</testsuite>
<testsuite name="example.spec.ts" timestamp="2025-07-23T08:01:23.052Z" hostname="Mobile Chrome" tests="2" failures="0" skipped="0" time="2.517" errors="0">
<testcase name="Family Task Manager › should load the application" classname="example.spec.ts" time="0.859">
</testcase>
<testcase name="Family Task Manager › should have responsive design" classname="example.spec.ts" time="1.658">
</testcase>
</testsuite>
<testsuite name="example.spec.ts" timestamp="2025-07-23T08:01:23.052Z" hostname="Mobile Safari" tests="2" failures="0" skipped="0" time="2.104" errors="0">
<testcase name="Family Task Manager › should load the application" classname="example.spec.ts" time="0.647">
</testcase>
<testcase name="Family Task Manager › should have responsive design" classname="example.spec.ts" time="1.457">
</testcase>
</testsuite>
<testsuite name="example.spec.ts" timestamp="2025-07-23T08:01:23.052Z" hostname="Microsoft Edge" tests="2" failures="2" skipped="0" time="0.002" errors="0">
<testcase name="Family Task Manager › should load the application" classname="example.spec.ts" time="0.001">
<failure message="example.spec.ts:4:3 should load the application" type="FAILURE">
<![CDATA[  [Microsoft Edge] › example.spec.ts:4:3 › Family Task Manager › should load the application ───────

    Error: browserType.launch: Chromium distribution 'msedge' is not found at /Applications/Microsoft Edge.app/Contents/MacOS/Microsoft Edge
    Run "npx playwright install msedge"
]]>
</failure>
</testcase>
<testcase name="Family Task Manager › should have responsive design" classname="example.spec.ts" time="0.001">
<failure message="example.spec.ts:14:3 should have responsive design" type="FAILURE">
<![CDATA[  [Microsoft Edge] › example.spec.ts:14:3 › Family Task Manager › should have responsive design ────

    Error: browserType.launch: Chromium distribution 'msedge' is not found at /Applications/Microsoft Edge.app/Contents/MacOS/Microsoft Edge
    Run "npx playwright install msedge"
]]>
</failure>
</testcase>
</testsuite>
<testsuite name="example.spec.ts" timestamp="2025-07-23T08:01:23.052Z" hostname="Google Chrome" tests="2" failures="0" skipped="0" time="4.765" errors="0">
<testcase name="Family Task Manager › should load the application" classname="example.spec.ts" time="1.388">
</testcase>
<testcase name="Family Task Manager › should have responsive design" classname="example.spec.ts" time="3.377">
</testcase>
</testsuite>
</testsuites>